gitwatch is watching for changes to:
.
[master 0419f8d] Scripted auto-commit on change (2016-01-03 19:18:04) by gitwatch.sh
 3 files changed, 1274 insertions(+)
 create mode 100644 nohup.out
 create mode 100644 notebooks/Demo.ipynb
 create mode 100644 notebooks/util/.~bq_util.py
[master 4f72c16] Scripted auto-commit on change (2016-01-04 19:22:01) by gitwatch.sh
 1 file changed, 5 insertions(+)
[master ee54296] Scripted auto-commit on change (2016-01-05 15:35:54) by gitwatch.sh
 2 files changed, 167 insertions(+)
 create mode 100644 notebooks/content_metrics/code/.~config.py
[master 68c7530] Scripted auto-commit on change (2016-01-05 15:53:28) by gitwatch.sh
 1 file changed, 3 insertions(+)
[master 49e6a02] Scripted auto-commit on change (2016-01-05 16:51:01) by gitwatch.sh
 1 file changed, 2 insertions(+)
[master dcc4234] Scripted auto-commit on change (2016-01-05 17:18:55) by gitwatch.sh
 1 file changed, 2 insertions(+)
[master daccde6] Scripted auto-commit on change (2016-01-05 20:21:12) by gitwatch.sh
 1 file changed, 2 insertions(+)
[master b18fe4c] Scripted auto-commit on change (2016-01-05 22:27:30) by gitwatch.sh
 1 file changed, 2 insertions(+)
